{
  "stats": {
    "suites": 3,
    "tests": 3,
    "passes": 3,
    "pending": 0,
    "failures": 0,
    "start": "2025-03-01T21:50:59.171Z",
    "end": "2025-03-01T21:50:59.180Z",
    "duration": 9,
    "testsRegistered": 3,
    "passPercent": 100,
    "pendingPercent": 0,
    "other": 0,
    "hasOther": false,
    "skipped": 0,
    "hasSkipped": false
  },
  "results": [
    {
      "uuid": "59e1f586-4d11-48fe-885d-c04c74162c31",
      "title": "",
      "fullFile": "C:\\Users\\user\\Downloads\\AT_JS\\jsUnitTesting\\unitTesting\\test\\numbers-validator\\isNumberEven.spec.js",
      "file": "\\test\\numbers-validator\\isNumberEven.spec.js",
      "beforeHooks": [],
      "afterHooks": [],
      "tests": [],
      "suites": [
        {
          "uuid": "35ed7eb9-c561-4d49-a0b9-b5f42de53955",
          "title": "isNumberEven",
          "fullFile": "C:\\Users\\user\\Downloads\\AT_JS\\jsUnitTesting\\unitTesting\\test\\numbers-validator\\isNumberEven.spec.js",
          "file": "\\test\\numbers-validator\\isNumberEven.spec.js",
          "beforeHooks": [
            {
              "title": "\"before each\" hook in \"isNumberEven\"",
              "fullTitle": "isNumberEven \"before each\" hook in \"isNumberEven\"",
              "timedOut": false,
              "duration": 0,
              "state": null,
              "speed": null,
              "pass": false,
              "fail": false,
              "pending": false,
              "context": null,
              "code": "validator = new NumbersValidator();",
              "err": {},
              "uuid": "8dcde07a-0831-42bb-a7ec-b922242d45ee",
              "parentUUID": "35ed7eb9-c561-4d49-a0b9-b5f42de53955",
              "isHook": true,
              "skipped": false
            }
          ],
          "afterHooks": [
            {
              "title": "\"after each\" hook in \"isNumberEven\"",
              "fullTitle": "isNumberEven \"after each\" hook in \"isNumberEven\"",
              "timedOut": false,
              "duration": 0,
              "state": null,
              "speed": null,
              "pass": false,
              "fail": false,
              "pending": false,
              "context": null,
              "code": "validator = null;",
              "err": {},
              "uuid": "af7c8e13-bb4b-4306-97aa-b3c61671bc38",
              "parentUUID": "35ed7eb9-c561-4d49-a0b9-b5f42de53955",
              "isHook": true,
              "skipped": false
            }
          ],
          "tests": [],
          "suites": [
            {
              "uuid": "b587812e-512f-4283-9772-e07d7481873a",
              "title": "positive tests",
              "fullFile": "C:\\Users\\user\\Downloads\\AT_JS\\jsUnitTesting\\unitTesting\\test\\numbers-validator\\isNumberEven.spec.js",
              "file": "\\test\\numbers-validator\\isNumberEven.spec.js",
              "beforeHooks": [],
              "afterHooks": [],
              "tests": [
                {
                  "title": "should return true when provided an even number",
                  "fullTitle": "isNumberEven positive tests should return true when provided an even number",
                  "timedOut": false,
                  "duration": 1,
                  "state": "passed",
                  "speed": "fast",
                  "pass": true,
                  "fail": false,
                  "pending": false,
                  "context": null,
                  "code": "const validationResults = validator.isNumberEven(4);\nexpect(validationResults).to.be.equal(true);",
                  "err": {},
                  "uuid": "d5d75d3b-6336-41e5-8962-2d4640fad069",
                  "parentUUID": "b587812e-512f-4283-9772-e07d7481873a",
                  "isHook": false,
                  "skipped": false
                }
              ],
              "suites": [],
              "passes": [
                "d5d75d3b-6336-41e5-8962-2d4640fad069"
              ],
              "failures": [],
              "pending": [],
              "skipped": [],
              "duration": 1,
              "root": false,
              "rootEmpty": false,
              "_timeout": 2000
            },
            {
              "uuid": "3ebd2d1a-cc9e-4f52-b80d-c3f99c4de3b1",
              "title": "negative tests",
              "fullFile": "C:\\Users\\user\\Downloads\\AT_JS\\jsUnitTesting\\unitTesting\\test\\numbers-validator\\isNumberEven.spec.js",
              "file": "\\test\\numbers-validator\\isNumberEven.spec.js",
              "beforeHooks": [],
              "afterHooks": [],
              "tests": [
                {
                  "title": "should return false when provided a non even number",
                  "fullTitle": "isNumberEven negative tests should return false when provided a non even number",
                  "timedOut": false,
                  "duration": 1,
                  "state": "passed",
                  "speed": "fast",
                  "pass": true,
                  "fail": false,
                  "pending": false,
                  "context": null,
                  "code": "const validationResults = validator.isNumberEven(5);\nexpect(validationResults).to.be.equal(false);",
                  "err": {},
                  "uuid": "b7df9809-5114-4c5a-ad3a-9342e6ace5db",
                  "parentUUID": "3ebd2d1a-cc9e-4f52-b80d-c3f99c4de3b1",
                  "isHook": false,
                  "skipped": false
                },
                {
                  "title": "should throw an error when provided not a number value",
                  "fullTitle": "isNumberEven negative tests should throw an error when provided not a number value",
                  "timedOut": false,
                  "duration": 1,
                  "state": "passed",
                  "speed": "fast",
                  "pass": true,
                  "fail": false,
                  "pending": false,
                  "context": null,
                  "code": "const input = \"four\";\nexpect(()=>{\n    validator.isNumberEven(input)\n}).to.throw(`[${input}] is not of the type \"Number\" it is of type \"${typeof input}\"`)",
                  "err": {},
                  "uuid": "2dc5f75e-9ad1-4ec9-8a70-2f03775f8229",
                  "parentUUID": "3ebd2d1a-cc9e-4f52-b80d-c3f99c4de3b1",
                  "isHook": false,
                  "skipped": false
                }
              ],
              "suites": [],
              "passes": [
                "b7df9809-5114-4c5a-ad3a-9342e6ace5db",
                "2dc5f75e-9ad1-4ec9-8a70-2f03775f8229"
              ],
              "failures": [],
              "pending": [],
              "skipped": [],
              "duration": 2,
              "root": false,
              "rootEmpty": false,
              "_timeout": 2000
            }
          ],
          "passes": [],
          "failures": [],
          "pending": [],
          "skipped": [],
          "duration": 0,
          "root": false,
          "rootEmpty": false,
          "_timeout": 2000
        }
      ],
      "passes": [],
      "failures": [],
      "pending": [],
      "skipped": [],
      "duration": 0,
      "root": true,
      "rootEmpty": true,
      "_timeout": 2000
    }
  ],
  "meta": {
    "mocha": {
      "version": "11.1.0"
    },
    "mochawesome": {
      "options": {
        "quiet": false,
        "reportFilename": "mochawesome",
        "saveHtml": true,
        "saveJson": true,
        "consoleReporter": "spec",
        "useInlineDiffs": false,
        "code": true
      },
      "version": "7.1.3"
    },
    "marge": {
      "options": null,
      "version": "6.2.0"
    }
  }
}