{
  "stats": {
    "suites": 3,
    "tests": 3,
    "passes": 3,
    "pending": 0,
    "failures": 0,
    "start": "2025-03-03T10:10:31.317Z",
    "end": "2025-03-03T10:10:31.323Z",
    "duration": 6,
    "testsRegistered": 3,
    "passPercent": 100,
    "pendingPercent": 0,
    "other": 0,
    "hasOther": false,
    "skipped": 0,
    "hasSkipped": false
  },
  "results": [
    {
      "uuid": "27975928-2e9d-4ad1-9904-fce9efc06083",
      "title": "",
      "fullFile": "C:\\Users\\Admin\\Downloads\\AT_JS\\unitTesting\\test\\numbers-validator\\isNumberEven.spec.js",
      "file": "\\test\\numbers-validator\\isNumberEven.spec.js",
      "beforeHooks": [],
      "afterHooks": [],
      "tests": [],
      "suites": [
        {
          "uuid": "92a25dfa-d09c-4ce2-a753-eed819b19b37",
          "title": "isNumberEven",
          "fullFile": "C:\\Users\\Admin\\Downloads\\AT_JS\\unitTesting\\test\\numbers-validator\\isNumberEven.spec.js",
          "file": "\\test\\numbers-validator\\isNumberEven.spec.js",
          "beforeHooks": [
            {
              "title": "\"before each\" hook in \"isNumberEven\"",
              "fullTitle": "isNumberEven \"before each\" hook in \"isNumberEven\"",
              "timedOut": false,
              "duration": 0,
              "state": null,
              "speed": null,
              "pass": false,
              "fail": false,
              "pending": false,
              "context": null,
              "code": "validator = new NumbersValidator();",
              "err": {},
              "uuid": "d707da18-8e22-463c-a896-dfba047a781e",
              "parentUUID": "92a25dfa-d09c-4ce2-a753-eed819b19b37",
              "isHook": true,
              "skipped": false
            }
          ],
          "afterHooks": [
            {
              "title": "\"after each\" hook in \"isNumberEven\"",
              "fullTitle": "isNumberEven \"after each\" hook in \"isNumberEven\"",
              "timedOut": false,
              "duration": 1,
              "state": null,
              "speed": null,
              "pass": false,
              "fail": false,
              "pending": false,
              "context": null,
              "code": "validator = null;",
              "err": {},
              "uuid": "e6959d42-1394-477f-9411-40ad9ad49f1d",
              "parentUUID": "92a25dfa-d09c-4ce2-a753-eed819b19b37",
              "isHook": true,
              "skipped": false
            }
          ],
          "tests": [],
          "suites": [
            {
              "uuid": "4785c014-9896-4209-9253-607cfb4b3e6b",
              "title": "positive tests",
              "fullFile": "C:\\Users\\Admin\\Downloads\\AT_JS\\unitTesting\\test\\numbers-validator\\isNumberEven.spec.js",
              "file": "\\test\\numbers-validator\\isNumberEven.spec.js",
              "beforeHooks": [],
              "afterHooks": [],
              "tests": [
                {
                  "title": "should return true when provided an even number",
                  "fullTitle": "isNumberEven positive tests should return true when provided an even number",
                  "timedOut": false,
                  "duration": 1,
                  "state": "passed",
                  "speed": "fast",
                  "pass": true,
                  "fail": false,
                  "pending": false,
                  "context": null,
                  "code": "const validationResults = validator.isNumberEven(4);\nexpect(validationResults).to.be.equal(true);",
                  "err": {},
                  "uuid": "d2ae09e1-05ba-4d4e-adff-2b12931eab01",
                  "parentUUID": "4785c014-9896-4209-9253-607cfb4b3e6b",
                  "isHook": false,
                  "skipped": false
                }
              ],
              "suites": [],
              "passes": [
                "d2ae09e1-05ba-4d4e-adff-2b12931eab01"
              ],
              "failures": [],
              "pending": [],
              "skipped": [],
              "duration": 1,
              "root": false,
              "rootEmpty": false,
              "_timeout": 2000
            },
            {
              "uuid": "e040ab2e-6ce8-4ca0-aa5b-ac75ec7f2f98",
              "title": "negative tests",
              "fullFile": "C:\\Users\\Admin\\Downloads\\AT_JS\\unitTesting\\test\\numbers-validator\\isNumberEven.spec.js",
              "file": "\\test\\numbers-validator\\isNumberEven.spec.js",
              "beforeHooks": [],
              "afterHooks": [],
              "tests": [
                {
                  "title": "should return false when provided a non even number",
                  "fullTitle": "isNumberEven negative tests should return false when provided a non even number",
                  "timedOut": false,
                  "duration": 1,
                  "state": "passed",
                  "speed": "fast",
                  "pass": true,
                  "fail": false,
                  "pending": false,
                  "context": null,
                  "code": "const validationResults = validator.isNumberEven(5);\nexpect(validationResults).to.be.equal(false);",
                  "err": {},
                  "uuid": "148d70ab-a167-4541-a686-26b0d42e1f11",
                  "parentUUID": "e040ab2e-6ce8-4ca0-aa5b-ac75ec7f2f98",
                  "isHook": false,
                  "skipped": false
                },
                {
                  "title": "should throw an error when provided not a number value",
                  "fullTitle": "isNumberEven negative tests should throw an error when provided not a number value",
                  "timedOut": false,
                  "duration": 0,
                  "state": "passed",
                  "speed": "fast",
                  "pass": true,
                  "fail": false,
                  "pending": false,
                  "context": null,
                  "code": "const input = \"four\";\nexpect(()=>{\n    validator.isNumberEven(input)\n}).to.throw(`[${input}] is not of the type \"Number\" it is of type \"${typeof input}\"`)",
                  "err": {},
                  "uuid": "5c82c162-3ce0-422e-825e-950a8accb137",
                  "parentUUID": "e040ab2e-6ce8-4ca0-aa5b-ac75ec7f2f98",
                  "isHook": false,
                  "skipped": false
                }
              ],
              "suites": [],
              "passes": [
                "148d70ab-a167-4541-a686-26b0d42e1f11",
                "5c82c162-3ce0-422e-825e-950a8accb137"
              ],
              "failures": [],
              "pending": [],
              "skipped": [],
              "duration": 1,
              "root": false,
              "rootEmpty": false,
              "_timeout": 2000
            }
          ],
          "passes": [],
          "failures": [],
          "pending": [],
          "skipped": [],
          "duration": 0,
          "root": false,
          "rootEmpty": false,
          "_timeout": 2000
        }
      ],
      "passes": [],
      "failures": [],
      "pending": [],
      "skipped": [],
      "duration": 0,
      "root": true,
      "rootEmpty": true,
      "_timeout": 2000
    }
  ],
  "meta": {
    "mocha": {
      "version": "11.1.0"
    },
    "mochawesome": {
      "options": {
        "quiet": false,
        "reportFilename": "mochawesome",
        "saveHtml": true,
        "saveJson": true,
        "consoleReporter": "spec",
        "useInlineDiffs": false,
        "code": true
      },
      "version": "7.1.3"
    },
    "marge": {
      "options": null,
      "version": "6.2.0"
    }
  }
}